#
# There is insufficient memory for the Java Runtime Environment to continue.
# Native memory allocation (malloc) failed to allocate 1048576 bytes for AllocateHeap
# Possible reasons:
#   The system is out of physical RAM or swap space
#   In 32 bit mode, the process size limit was hit
# Possible solutions:
#   Reduce memory load on the system
#   Increase physical memory or swap space
#   Check if swap backing store is full
#   Use 64 bit Java on a 64 bit OS
#   Decrease Java heap size (-Xmx/-Xms)
#   Decrease number of Java threads
#   Decrease Java thread stack sizes (-Xss)
#   Set larger code cache with -XX:ReservedCodeCacheSize=
# This output file may be truncated or incomplete.
#
#  Out of Memory Error (memory/allocation.inline.hpp:62), pid=34080, tid=40080
#
# JRE version:  (8.0_11-b12) (build )
# Java VM: Java HotSpot(TM) 64-Bit Server VM (25.11-b03 mixed mode windows-amd64 compressed oops)
# Failed to write core dump. Minidumps are not enabled by default on client versions of Windows
#

---------------  T H R E A D  ---------------

Current thread (0x0000000002b30800):  JavaThread "Unknown thread" [_thread_in_vm, id=40080, stack(0x0000000002750000,0x0000000002850000)]

Stack: [0x0000000002750000,0x0000000002850000]
Native frames: (J=compiled Java code, j=interpreted, Vv=VM code, C=native code)
V  [jvm.dll+0x308eca]
V  [jvm.dll+0x25e121]
V  [jvm.dll+0x25ed33]
V  [jvm.dll+0x256705]
V  [jvm.dll+0x39c2df]
V  [jvm.dll+0x3c7532]
V  [jvm.dll+0x3c78ba]
V  [jvm.dll+0x3c2e57]
V  [jvm.dll+0xe2462]
V  [jvm.dll+0x1f1439]
V  [jvm.dll+0x2229b4]
V  [jvm.dll+0x14a151]
C  [javaw.exe+0x208a]
C  [javaw.exe+0xc9fb]
C  [javaw.exe+0xca8f]
C  [KERNEL32.DLL+0x1842]
C  [ntdll.dll+0x3f9d1]


---------------  P R O C E S S  ---------------

Java Threads: ( => current thread )

Other Threads:

=>0x0000000002b30800 (exited) JavaThread "Unknown thread" [_thread_in_vm, id=40080, stack(0x0000000002750000,0x0000000002850000)]

VM state:not at safepoint (normal execution)

VM Mutex/Monitor currently owned by a thread: None

Heap:
 PSYoungGen      total 1024K, used 20K [0x00000000d5c00000, 0x00000000d5d80000, 0x0000000100000000)
  eden space 512K, 4% used [0x00000000d5c00000,0x00000000d5c05288,0x00000000d5c80000)
  from space 512K, 0% used [0x00000000d5d00000,0x00000000d5d00000,0x00000000d5d80000)
  to   space 512K, 0% used [0x00000000d5c80000,0x00000000d5c80000,0x00000000d5d00000)
 ParOldGen       total 129536K, used 0K [0x0000000081400000, 0x0000000089280000, 0x00000000d5c00000)
  object space 129536K, 0% used [0x0000000081400000,0x0000000081400000,0x0000000089280000)
 Metaspace       used 653K, capacity 4480K, committed 4480K, reserved 1056768K
  class space    used 66K, capacity 384K, committed 384K, reserved 1048576K

Card table byte_map: [0x0000000011ff0000,0x00000000123f0000] byte_map_base: 0x0000000011be6000

Marking Bits: (ParMarkBitMap*) 0x00000000547d12b0
 Begin Bits: [0x0000000012ea0000, 0x0000000014e50000)
 End Bits:   [0x0000000014e50000, 0x0000000016e00000)

Polling page: 0x0000000000e80000

CodeCache: size=245760Kb used=327Kb max_used=327Kb free=245432Kb
 bounds [0x0000000002c30000, 0x0000000002ea0000, 0x0000000011c30000]
 total_blobs=56 nmethods=0 adapters=37
 compilation: enabled

Compilation events (0 events):
No events

GC Heap History (0 events):
No events

Deoptimization events (0 events):
No events

Internal exceptions (0 events):
No events

Events (10 events):
Event: 0.066 loading class java/lang/Short
Event: 0.066 loading class java/lang/Short done
Event: 0.066 loading class java/lang/Integer
Event: 0.066 loading class java/lang/Integer done
Event: 0.066 loading class java/lang/Long
Event: 0.066 loading class java/lang/Long done
Event: 0.067 loading class java/lang/NullPointerException
Event: 0.067 loading class java/lang/NullPointerException done
Event: 0.067 loading class java/lang/ArithmeticException
Event: 0.067 loading class java/lang/ArithmeticException done


Dynamic libraries:
0x000007f70dbf0000 - 0x000007f70dc24000 	C:\Program Files\Java\jre8\bin\javaw.exe
0x000007fe91a40000 - 0x000007fe91bfe000 	C:\Windows\SYSTEM32\ntdll.dll
0x000007fe8f120000 - 0x000007fe8f257000 	C:\Windows\system32\KERNEL32.DLL
0x000007fe8ea30000 - 0x000007fe8eb24000 	C:\Windows\system32\KERNELBASE.dll
0x000007fe91810000 - 0x000007fe918ee000 	C:\Windows\system32\ADVAPI32.dll
0x000007fe901b0000 - 0x000007fe902fc000 	C:\Windows\system32\USER32.dll
0x000007fe8c2f0000 - 0x000007fe8c55a000 	C:\Windows\WinSxS\amd64_microsoft.windows.common-controls_6595b64144ccf1df_6.0.9200.16579_none_418ab7ef718b27ef\COMCTL32.dll
0x000007fe8f270000 - 0x000007fe8f315000 	C:\Windows\system32\msvcrt.dll
0x000007fe918f0000 - 0x000007fe91938000 	C:\Windows\SYSTEM32\sechost.dll
0x000007fe8f320000 - 0x000007fe8f465000 	C:\Windows\system32\RPCRT4.dll
0x000007fe8f820000 - 0x000007fe8f961000 	C:\Windows\system32\GDI32.dll
0x000007fe8f980000 - 0x000007fe8f9b9000 	C:\Windows\system32\IMM32.DLL
0x000007fe8f000000 - 0x000007fe8f116000 	C:\Windows\system32\MSCTF.dll
0x0000000054850000 - 0x0000000054922000 	C:\Program Files\Java\jre8\bin\msvcr100.dll
0x0000000054020000 - 0x000000005484a000 	C:\Program Files\Java\jre8\bin\server\jvm.dll
0x000007fe7f5c0000 - 0x000007fe7f5c9000 	C:\Windows\SYSTEM32\WSOCK32.dll
0x000007fe8b550000 - 0x000007fe8b570000 	C:\Windows\SYSTEM32\WINMM.dll
0x000007fe8fcd0000 - 0x000007fe8fcd7000 	C:\Windows\system32\PSAPI.DLL
0x000007fe8fc70000 - 0x000007fe8fcc8000 	C:\Windows\system32\WS2_32.dll
0x000007fe8a6b0000 - 0x000007fe8a6e3000 	C:\Windows\SYSTEM32\WINMMBASE.dll
0x000007fe8f260000 - 0x000007fe8f269000 	C:\Windows\system32\NSI.dll
0x000007fe8e9b0000 - 0x000007fe8e9ff000 	C:\Windows\SYSTEM32\cfgmgr32.dll
0x000007fe8ea00000 - 0x000007fe8ea22000 	C:\Windows\system32\DEVOBJ.dll
0x0000000055330000 - 0x000000005533f000 	C:\Program Files\Java\jre8\bin\verify.dll
0x0000000053ff0000 - 0x0000000054018000 	C:\Program Files\Java\jre8\bin\java.dll
0x0000000053fd0000 - 0x0000000053fe6000 	C:\Program Files\Java\jre8\bin\zip.dll
0x000007fe7f630000 - 0x000007fe7f793000 	C:\Windows\SYSTEM32\dbghelp.dll

VM Arguments:
jvm_args: -Dfile.encoding=Cp1257 
java_command: RestaurantGame.GameController
java_class_path (initial): C:\Users\Sander\workspaceSysModel\HW3_v1\bin
Launcher Type: SUN_STANDARD

Environment Variables:
JAVA_HOME=C:\Program Files\Java\jdk1.8.0_05
PATH=C:/Program Files/Java/jre1.8.0_25/bin/server;C:/Program Files/Java/jre1.8.0_25/bin;C:/Program Files/Java/jre1.8.0_25/lib/amd64;C:\ProgramData\Oracle\Java\javapath;C:\Windows\system32;C:\Windows;C:\Windows\System32\Wbem;C:\Windows\System32\WindowsPowerShell\v1.0\;C:\Program Files (x86)\Estonian ID Card\;C:\nortal\nodejs\;C:\Program Files\WIDCOMM\Bluetooth Software\;C:\Program Files\WIDCOMM\Bluetooth Software\syswow64;C:\Program Files (x86)\scala\bin;C:\Program Files\Microsoft SQL Server\110\Tools\Binn\;D:\OpenCv-2.4.9\opencv\build\x64\vc10\bin;C:\nortal\Ruby200-x64\bin;C:\Program Files\Java\jdk1.8.0_05\bin;C:\OpenVPN\bin;C:\Users\Sander\AppData\Roaming\npm;C:\nortal\nodejs\;D:\soft\apache-maven-3.2.2\bin;E:\Downl\android-ndk64-r10b-windows-x86_64\android-ndk-r10b\ndk-build.cmd;C:\MinGW\bin;;D:\soft\eclipse-jee-luna-R-win32-x86_64\eclipse;
USERNAME=Sander
OS=Windows_NT
PROCESSOR_IDENTIFIER=Intel64 Family 6 Model 42 Stepping 7, GenuineIntel



---------------  S Y S T E M  ---------------

OS: Windows 8 , 64 bit Build 9200 

CPU:total 8 (4 cores per cpu, 2 threads per core) family 6 model 42 stepping 7, cmov, cx8, fxsr, mmx, sse, sse2, sse3, ssse3, sse4.1, sse4.2, popcnt, avx, aes, clmul, ht, tsc, tscinvbit

Memory: 4k page, physical 8300684k(978756k free), swap 33466508k(4968k free)

vm_info: Java HotSpot(TM) 64-Bit Server VM (25.11-b03) for windows-amd64 JRE (1.8.0_11-b12), built on Jun 16 2014 20:57:32 by "java_re" with MS VC++ 10.0 (VS2010)

time: Sat Nov 01 17:23:44 2014
elapsed time: 0 seconds

